# Server version 0.05 running on open-17.CS.McGill.CA:8123
# Game ID: 129
# Board class: odd.OddBoard
# Timeout: 5000
# Date: Sun Apr 21 22:25:34 EDT 2013
# Player 1: Player1, 'The Newborn', running on open-17.CS.McGill.CA
# Player 2: Player2, 'THE MIGHTY AI', running on open-17.CS.McGill.CA
START Player1 The Newborn
START Player2 THE MIGHTY AI
1 WHITE 0 -2
2 BLACK 4 0
1 WHITE -1 1
2 WHITE 0 -1
1 BLACK 1 -2
2 BLACK 1 -3
1 BLACK -3 1
2 WHITE -1 2
1 BLACK 4 2
2 BLACK 0 -4
1 BLACK -3 -1
2 BLACK -1 -2
1 WHITE -2 -2
2 BLACK 4 4
1 WHITE 1 1
2 BLACK 2 4
1 BLACK -4 -1
2 BLACK 1 3
1 BLACK 4 3
2 WHITE 3 -1
1 BLACK 3 1
2 BLACK -1 -4
1 BLACK 3 0
2 WHITE 1 2
1 BLACK 2 -1
GAMEOVER TIMEOUT Player2
WINNER Player1
# Game ended: Sun Apr 21 22:27:06 EDT 2013
