# Server version 0.05 running on 192.168.0.102:8123
# Game ID: 79
# Board class: odd.OddBoard
# Timeout: 5000
# Date: Mon Apr 22 22:18:46 EDT 2013
# Player 1: Player1, 'The Sistah', running on 192.168.0.102
# Player 2: Player2, 'UltraCarl', running on 192.168.0.102
START Player1 The Sistah
START Player2 UltraCarl
1 BLACK 3 3
2 BLACK -3 1
1 WHITE 2 3
2 BLACK 0 -2
1 WHITE 3 2
2 BLACK 2 1
1 BLACK 1 -3
2 WHITE 3 -1
1 WHITE -1 2
2 WHITE 1 0
1 BLACK 4 0
2 WHITE 1 2
1 WHITE 1 3
2 WHITE -4 -4
1 BLACK 0 0
2 WHITE -1 -4
1 WHITE 2 -2
2 WHITE 1 1
1 WHITE 4 3
2 WHITE 3 0
GAMEOVER TIMEOUT Player1
WINNER Player2
# Game ended: Mon Apr 22 22:20:18 EDT 2013
