# Server version 0.05 running on open-17.CS.McGill.CA:8123
# Game ID: 71
# Board class: odd.OddBoard
# Timeout: 5000
# Date: Sun Apr 21 18:37:54 EDT 2013
# Player 1: Player1, 'THE MIGHTY AI', running on open-17.CS.McGill.CA
# Player 2: Player2, 'Monty', running on open-17.CS.McGill.CA
START Player1 THE MIGHTY AI
START Player2 Monty
1 BLACK 1 -2
2 BLACK 0 -1
1 WHITE -4 -1
2 BLACK -1 0
1 WHITE -2 -2
2 BLACK 1 -1
1 WHITE 3 2
2 WHITE 0 -2
1 WHITE 3 4
2 WHITE 2 -1
1 WHITE 0 4
2 BLACK 4 4
1 WHITE -4 -3
2 WHITE -3 -1
1 WHITE -4 -4
GAMEOVER TIMEOUT Player2
WINNER Player1
# Game ended: Sun Apr 21 18:38:58 EDT 2013
