# Server version 0.05 running on open-17.CS.McGill.CA:8123
# Game ID: 106
# Board class: odd.OddBoard
# Timeout: 5000
# Date: Sun Apr 21 21:14:57 EDT 2013
# Player 1: Player1, 'THE MIGHTY AI', running on open-17.CS.McGill.CA
# Player 2: Player2, 'RandomPlayer', running on open-17.CS.McGill.CA
START Player1 THE MIGHTY AI
START Player2 RandomPlayer
1 BLACK -4 0
2 WHITE 0 -4
1 WHITE -2 -3
2 WHITE -2 -4
1 WHITE 4 4
2 BLACK -1 -3
1 BLACK -1 1
2 BLACK -4 -3
1 WHITE 2 4
2 WHITE 0 1
1 BLACK 2 -1
2 BLACK 4 2
1 BLACK -2 0
2 WHITE 2 2
1 BLACK -1 3
2 BLACK -3 -2
1 WHITE -1 -2
2 BLACK 0 -3
1 BLACK -3 -1
2 WHITE 4 0
GAMEOVER TIMEOUT Player1
WINNER Player2
# Game ended: Sun Apr 21 21:15:43 EDT 2013
