# Server version 0.05 running on open-17.CS.McGill.CA:8123
# Game ID: 107
# Board class: odd.OddBoard
# Timeout: 5000
# Date: Sun Apr 21 21:20:18 EDT 2013
# Player 1: Player1, 'THE MIGHTY AI', running on open-17.CS.McGill.CA
# Player 2: Player2, 'RandomPlayer', running on open-17.CS.McGill.CA
START Player1 THE MIGHTY AI
START Player2 RandomPlayer
1 WHITE -3 -3
2 BLACK -2 -4
1 BLACK 0 4
2 WHITE -4 -4
1 BLACK 2 -2
2 WHITE -2 2
1 WHITE -4 0
2 BLACK 1 1
GAMEOVER TIMEOUT Player1
WINNER Player2
# Game ended: Sun Apr 21 21:20:39 EDT 2013
