# Server version 0.05 running on 192.168.0.102:8123
# Game ID: 75
# Board class: odd.OddBoard
# Timeout: 5000
# Date: Mon Apr 22 21:52:57 EDT 2013
# Player 1: Player1, 'UltraCarl', running on 192.168.0.102
# Player 2: Player2, 'The Sistah', running on 192.168.0.102
START Player1 UltraCarl
START Player2 The Sistah
1 WHITE -2 0
2 WHITE -1 -2
1 BLACK 0 4
2 WHITE 2 2
1 WHITE 1 -1
2 WHITE 0 1
1 BLACK 4 4
2 BLACK 4 0
1 WHITE -3 0
2 BLACK 2 0
1 WHITE -2 2
2 BLACK -1 3
1 WHITE 3 1
2 BLACK -2 -4
1 BLACK 0 -2
2 WHITE -4 -2
GAMEOVER USER CANCEL
UNDECIDED
# Game ended: Mon Apr 22 21:54:08 EDT 2013
