# Server version 0.05 running on open-17.CS.McGill.CA:8123
# Game ID: 103
# Board class: odd.OddBoard
# Timeout: 5000
# Date: Sun Apr 21 21:05:23 EDT 2013
# Player 1: Player1, 'THE MIGHTY AI', running on open-17.CS.McGill.CA
# Player 2: Player2, 'RandomPlayer', running on open-17.CS.McGill.CA
START Player1 THE MIGHTY AI
START Player2 RandomPlayer
1 BLACK 1 2
2 WHITE -1 0
1 BLACK 0 4
2 BLACK -1 3
1 WHITE 3 0
2 WHITE -3 -1
1 BLACK -1 -3
2 BLACK 2 0
1 WHITE -3 0
2 BLACK 2 4
1 BLACK 0 -2
2 WHITE -1 -2
1 BLACK 0 1
2 BLACK 1 -1
1 BLACK 0 3
2 WHITE 1 3
GAMEOVER TIMEOUT Player1
WINNER Player2
# Game ended: Sun Apr 21 21:05:53 EDT 2013
